<?xml version="1.0" encoding="UTF-8"?>
<testng-results ignored="2" total="2" passed="0" failed="0" skipped="0">
  <reporter-output>
  </reporter-output>
  <suite started-at="2021-06-09T17:29:16Z" name="All Test Suite" finished-at="2021-06-09T17:29:16Z" duration-ms="27">
    <groups>
    </groups>
    <test started-at="2021-06-09T17:29:16Z" name="C:/Users/Mostafa/php Travel" finished-at="2021-06-09T17:29:16Z" duration-ms="27">
    </test> <!-- C:/Users/Mostafa/php Travel -->
  </suite> <!-- All Test Suite -->
</testng-results>
